Time resolution is 1 ps
------------Start simulation-----------
----Start the data input(AXI-Stream)----
----Start the coefficient input(AXI-lite)----
write coef[          0] start
write coef[          0] done
write coef[          1] start
write coef[          1] done
write coef[          2] start
write coef[          2] done
write coef[          3] start
write coef[          3] done
write coef[          4] start
write coef[          4] done
write coef[          5] start
write coef[          5] done
write coef[          6] start
write coef[          6] done
write coef[          7] start
write coef[          7] done
write coef[          8] start
write coef[          8] done
write coef[          9] start
write coef[          9] done
write coef[         10] start
write coef[         10] done
 Check Coefficient ...
OK: exp =           0, rdata =           0
OK: exp =         -10, rdata =         -10
OK: exp =          -9, rdata =          -9
OK: exp =          23, rdata =          23
OK: exp =          56, rdata =          56
OK: exp =          63, rdata =          63
OK: exp =          56, rdata =          56
OK: exp =          23, rdata =          23
OK: exp =          -9, rdata =          -9
OK: exp =         -10, rdata =         -10
OK: exp =           0, rdata =           0
 Tape programming done ...
 Start FIR
----End the coefficient input(AXI-lite)----
[PASS] [Pattern          0] Golden answer:           0, Your answer:           0
ss(Din_list[          0])
ss(Din_list[          1])
[PASS] [Pattern          1] Golden answer:         -10, Your answer:         -10
[PASS] [Pattern          2] Golden answer:         -29, Your answer:         -29
ss(Din_list[          2])
ss(Din_list[          3])
[PASS] [Pattern          3] Golden answer:         -25, Your answer:         -25
[PASS] [Pattern          4] Golden answer:          35, Your answer:          35
ss(Din_list[          4])
ss(Din_list[          5])
[PASS] [Pattern          5] Golden answer:         158, Your answer:         158
[PASS] [Pattern          6] Golden answer:         337, Your answer:         337
ss(Din_list[          6])
ss(Din_list[          7])
[PASS] [Pattern          7] Golden answer:         539, Your answer:         539
[PASS] [Pattern          8] Golden answer:         732, Your answer:         732
ss(Din_list[          8])
ss(Din_list[          9])
[PASS] [Pattern          9] Golden answer:         915, Your answer:         915
[PASS] [Pattern         10] Golden answer:        1098, Your answer:        1098
ss(Din_list[         10])
ss(Din_list[         11])
[PASS] [Pattern         11] Golden answer:        1281, Your answer:        1281
[PASS] [Pattern         12] Golden answer:        1464, Your answer:        1464
ss(Din_list[         12])
ss(Din_list[         13])
[PASS] [Pattern         13] Golden answer:        1647, Your answer:        1647
[PASS] [Pattern         14] Golden answer:        1830, Your answer:        1830
ss(Din_list[         14])
ss(Din_list[         15])
[PASS] [Pattern         15] Golden answer:        2013, Your answer:        2013
[PASS] [Pattern         16] Golden answer:        2196, Your answer:        2196
ss(Din_list[         16])
ss(Din_list[         17])
[PASS] [Pattern         17] Golden answer:        2379, Your answer:        2379
[PASS] [Pattern         18] Golden answer:        2562, Your answer:        2562
ss(Din_list[         18])
ss(Din_list[         19])
[PASS] [Pattern         19] Golden answer:        2745, Your answer:        2745
[PASS] [Pattern         20] Golden answer:        2928, Your answer:        2928
ss(Din_list[         20])
ss(Din_list[         21])
[PASS] [Pattern         21] Golden answer:        3111, Your answer:        3111
[PASS] [Pattern         22] Golden answer:        3294, Your answer:        3294
ss(Din_list[         22])
ss(Din_list[         23])
[PASS] [Pattern         23] Golden answer:        3477, Your answer:        3477
[PASS] [Pattern         24] Golden answer:        3660, Your answer:        3660
ss(Din_list[         24])
ss(Din_list[         25])
[PASS] [Pattern         25] Golden answer:        3843, Your answer:        3843
[PASS] [Pattern         26] Golden answer:        4026, Your answer:        4026
ss(Din_list[         26])
ss(Din_list[         27])
[PASS] [Pattern         27] Golden answer:        4209, Your answer:        4209
[PASS] [Pattern         28] Golden answer:        4392, Your answer:        4392
ss(Din_list[         28])
ss(Din_list[         29])
[PASS] [Pattern         29] Golden answer:        4575, Your answer:        4575
[PASS] [Pattern         30] Golden answer:        4758, Your answer:        4758
ss(Din_list[         30])
ss(Din_list[         31])
[PASS] [Pattern         31] Golden answer:        4941, Your answer:        4941
[PASS] [Pattern         32] Golden answer:        5124, Your answer:        5124
ss(Din_list[         32])
ss(Din_list[         33])
[PASS] [Pattern         33] Golden answer:        5307, Your answer:        5307
[PASS] [Pattern         34] Golden answer:        5490, Your answer:        5490
ss(Din_list[         34])
ss(Din_list[         35])
[PASS] [Pattern         35] Golden answer:        5673, Your answer:        5673
[PASS] [Pattern         36] Golden answer:        5856, Your answer:        5856
ss(Din_list[         36])
ss(Din_list[         37])
[PASS] [Pattern         37] Golden answer:        6039, Your answer:        6039
[PASS] [Pattern         38] Golden answer:        6222, Your answer:        6222
ss(Din_list[         38])
ss(Din_list[         39])
[PASS] [Pattern         39] Golden answer:        6405, Your answer:        6405
[PASS] [Pattern         40] Golden answer:        6588, Your answer:        6588
ss(Din_list[         40])
ss(Din_list[         41])
[PASS] [Pattern         41] Golden answer:        6771, Your answer:        6771
[PASS] [Pattern         42] Golden answer:        6954, Your answer:        6954
ss(Din_list[         42])
ss(Din_list[         43])
[PASS] [Pattern         43] Golden answer:        7137, Your answer:        7137
[PASS] [Pattern         44] Golden answer:        7320, Your answer:        7320
ss(Din_list[         44])
ss(Din_list[         45])
[PASS] [Pattern         45] Golden answer:        7503, Your answer:        7503
[PASS] [Pattern         46] Golden answer:        7686, Your answer:        7686
ss(Din_list[         46])
ss(Din_list[         47])
[PASS] [Pattern         47] Golden answer:        7869, Your answer:        7869
[PASS] [Pattern         48] Golden answer:        8052, Your answer:        8052
ss(Din_list[         48])
ss(Din_list[         49])
[PASS] [Pattern         49] Golden answer:        8235, Your answer:        8235
[PASS] [Pattern         50] Golden answer:        8418, Your answer:        8418
ss(Din_list[         50])
ss(Din_list[         51])
[PASS] [Pattern         51] Golden answer:        8601, Your answer:        8601
[PASS] [Pattern         52] Golden answer:        8784, Your answer:        8784
ss(Din_list[         52])
ss(Din_list[         53])
[PASS] [Pattern         53] Golden answer:        8967, Your answer:        8967
[PASS] [Pattern         54] Golden answer:        9150, Your answer:        9150
ss(Din_list[         54])
ss(Din_list[         55])
[PASS] [Pattern         55] Golden answer:        9333, Your answer:        9333
[PASS] [Pattern         56] Golden answer:        9516, Your answer:        9516
ss(Din_list[         56])
ss(Din_list[         57])
[PASS] [Pattern         57] Golden answer:        9699, Your answer:        9699
[PASS] [Pattern         58] Golden answer:        9882, Your answer:        9882
ss(Din_list[         58])
ss(Din_list[         59])
[PASS] [Pattern         59] Golden answer:       10065, Your answer:       10065
[PASS] [Pattern         60] Golden answer:       10248, Your answer:       10248
ss(Din_list[         60])
ss(Din_list[         61])
[PASS] [Pattern         61] Golden answer:       10431, Your answer:       10431
[PASS] [Pattern         62] Golden answer:       10614, Your answer:       10614
ss(Din_list[         62])
ss(Din_list[         63])
[PASS] [Pattern         63] Golden answer:       10797, Your answer:       10797
[PASS] [Pattern         64] Golden answer:       10980, Your answer:       10980
ss(Din_list[         64])
ss(Din_list[         65])
[PASS] [Pattern         65] Golden answer:       11163, Your answer:       11163
[PASS] [Pattern         66] Golden answer:       11346, Your answer:       11346
ss(Din_list[         66])
ss(Din_list[         67])
[PASS] [Pattern         67] Golden answer:       11529, Your answer:       11529
[PASS] [Pattern         68] Golden answer:       11712, Your answer:       11712
ss(Din_list[         68])
ss(Din_list[         69])
[PASS] [Pattern         69] Golden answer:       11895, Your answer:       11895
[PASS] [Pattern         70] Golden answer:       12078, Your answer:       12078
ss(Din_list[         70])
ss(Din_list[         71])
[PASS] [Pattern         71] Golden answer:       12261, Your answer:       12261
[PASS] [Pattern         72] Golden answer:       12444, Your answer:       12444
ss(Din_list[         72])
ss(Din_list[         73])
[PASS] [Pattern         73] Golden answer:       12627, Your answer:       12627
[PASS] [Pattern         74] Golden answer:       12810, Your answer:       12810
ss(Din_list[         74])
ss(Din_list[         75])
[PASS] [Pattern         75] Golden answer:       12993, Your answer:       12993
[PASS] [Pattern         76] Golden answer:       13196, Your answer:       13196
ss(Din_list[         76])
ss(Din_list[         77])
[PASS] [Pattern         77] Golden answer:       13417, Your answer:       13417
[PASS] [Pattern         78] Golden answer:       13592, Your answer:       13592
ss(Din_list[         78])
ss(Din_list[         79])
[PASS] [Pattern         79] Golden answer:       13655, Your answer:       13655
[PASS] [Pattern         80] Golden answer:       13592, Your answer:       13592
ss(Din_list[         80])
ss(Din_list[         81])
[PASS] [Pattern         81] Golden answer:       13417, Your answer:       13417
[PASS] [Pattern         82] Golden answer:       13196, Your answer:       13196
ss(Din_list[         82])
ss(Din_list[         83])
[PASS] [Pattern         83] Golden answer:       12993, Your answer:       12993
[PASS] [Pattern         84] Golden answer:       12810, Your answer:       12810
ss(Din_list[         84])
ss(Din_list[         85])
[PASS] [Pattern         85] Golden answer:       12627, Your answer:       12627
[PASS] [Pattern         86] Golden answer:       12444, Your answer:       12444
ss(Din_list[         86])
ss(Din_list[         87])
[PASS] [Pattern         87] Golden answer:       12261, Your answer:       12261
[PASS] [Pattern         88] Golden answer:       12078, Your answer:       12078
ss(Din_list[         88])
ss(Din_list[         89])
[PASS] [Pattern         89] Golden answer:       11895, Your answer:       11895
[PASS] [Pattern         90] Golden answer:       11712, Your answer:       11712
ss(Din_list[         90])
ss(Din_list[         91])
[PASS] [Pattern         91] Golden answer:       11529, Your answer:       11529
[PASS] [Pattern         92] Golden answer:       11346, Your answer:       11346
ss(Din_list[         92])
ss(Din_list[         93])
[PASS] [Pattern         93] Golden answer:       11163, Your answer:       11163
[PASS] [Pattern         94] Golden answer:       10980, Your answer:       10980
ss(Din_list[         94])
ss(Din_list[         95])
[PASS] [Pattern         95] Golden answer:       10797, Your answer:       10797
[PASS] [Pattern         96] Golden answer:       10614, Your answer:       10614
ss(Din_list[         96])
ss(Din_list[         97])
[PASS] [Pattern         97] Golden answer:       10431, Your answer:       10431
[PASS] [Pattern         98] Golden answer:       10248, Your answer:       10248
ss(Din_list[         98])
ss(Din_list[         99])
[PASS] [Pattern         99] Golden answer:       10065, Your answer:       10065
[PASS] [Pattern        100] Golden answer:        9882, Your answer:        9882
ss(Din_list[        100])
ss(Din_list[        101])
[PASS] [Pattern        101] Golden answer:        9699, Your answer:        9699
[PASS] [Pattern        102] Golden answer:        9516, Your answer:        9516
ss(Din_list[        102])
ss(Din_list[        103])
[PASS] [Pattern        103] Golden answer:        9333, Your answer:        9333
[PASS] [Pattern        104] Golden answer:        9150, Your answer:        9150
ss(Din_list[        104])
ss(Din_list[        105])
[PASS] [Pattern        105] Golden answer:        8967, Your answer:        8967
[PASS] [Pattern        106] Golden answer:        8784, Your answer:        8784
ss(Din_list[        106])
ss(Din_list[        107])
[PASS] [Pattern        107] Golden answer:        8601, Your answer:        8601
[PASS] [Pattern        108] Golden answer:        8418, Your answer:        8418
ss(Din_list[        108])
ss(Din_list[        109])
[PASS] [Pattern        109] Golden answer:        8235, Your answer:        8235
[PASS] [Pattern        110] Golden answer:        8052, Your answer:        8052
ss(Din_list[        110])
ss(Din_list[        111])
[PASS] [Pattern        111] Golden answer:        7869, Your answer:        7869
[PASS] [Pattern        112] Golden answer:        7686, Your answer:        7686
ss(Din_list[        112])
ss(Din_list[        113])
[PASS] [Pattern        113] Golden answer:        7503, Your answer:        7503
[PASS] [Pattern        114] Golden answer:        7320, Your answer:        7320
ss(Din_list[        114])
ss(Din_list[        115])
[PASS] [Pattern        115] Golden answer:        7137, Your answer:        7137
[PASS] [Pattern        116] Golden answer:        6954, Your answer:        6954
ss(Din_list[        116])
ss(Din_list[        117])
[PASS] [Pattern        117] Golden answer:        6771, Your answer:        6771
[PASS] [Pattern        118] Golden answer:        6588, Your answer:        6588
ss(Din_list[        118])
ss(Din_list[        119])
[PASS] [Pattern        119] Golden answer:        6405, Your answer:        6405
[PASS] [Pattern        120] Golden answer:        6222, Your answer:        6222
ss(Din_list[        120])
ss(Din_list[        121])
[PASS] [Pattern        121] Golden answer:        6039, Your answer:        6039
[PASS] [Pattern        122] Golden answer:        5856, Your answer:        5856
ss(Din_list[        122])
ss(Din_list[        123])
[PASS] [Pattern        123] Golden answer:        5673, Your answer:        5673
[PASS] [Pattern        124] Golden answer:        5490, Your answer:        5490
ss(Din_list[        124])
ss(Din_list[        125])
[PASS] [Pattern        125] Golden answer:        5307, Your answer:        5307
[PASS] [Pattern        126] Golden answer:        5124, Your answer:        5124
ss(Din_list[        126])
ss(Din_list[        127])
[PASS] [Pattern        127] Golden answer:        4941, Your answer:        4941
[PASS] [Pattern        128] Golden answer:        4758, Your answer:        4758
ss(Din_list[        128])
ss(Din_list[        129])
[PASS] [Pattern        129] Golden answer:        4575, Your answer:        4575
[PASS] [Pattern        130] Golden answer:        4392, Your answer:        4392
ss(Din_list[        130])
ss(Din_list[        131])
[PASS] [Pattern        131] Golden answer:        4209, Your answer:        4209
[PASS] [Pattern        132] Golden answer:        4026, Your answer:        4026
ss(Din_list[        132])
ss(Din_list[        133])
[PASS] [Pattern        133] Golden answer:        3843, Your answer:        3843
[PASS] [Pattern        134] Golden answer:        3660, Your answer:        3660
ss(Din_list[        134])
ss(Din_list[        135])
[PASS] [Pattern        135] Golden answer:        3477, Your answer:        3477
[PASS] [Pattern        136] Golden answer:        3294, Your answer:        3294
ss(Din_list[        136])
ss(Din_list[        137])
[PASS] [Pattern        137] Golden answer:        3111, Your answer:        3111
[PASS] [Pattern        138] Golden answer:        2928, Your answer:        2928
ss(Din_list[        138])
ss(Din_list[        139])
[PASS] [Pattern        139] Golden answer:        2745, Your answer:        2745
[PASS] [Pattern        140] Golden answer:        2562, Your answer:        2562
ss(Din_list[        140])
ss(Din_list[        141])
[PASS] [Pattern        141] Golden answer:        2379, Your answer:        2379
[PASS] [Pattern        142] Golden answer:        2196, Your answer:        2196
ss(Din_list[        142])
ss(Din_list[        143])
[PASS] [Pattern        143] Golden answer:        2013, Your answer:        2013
[PASS] [Pattern        144] Golden answer:        1830, Your answer:        1830
ss(Din_list[        144])
ss(Din_list[        145])
[PASS] [Pattern        145] Golden answer:        1647, Your answer:        1647
[PASS] [Pattern        146] Golden answer:        1464, Your answer:        1464
ss(Din_list[        146])
ss(Din_list[        147])
[PASS] [Pattern        147] Golden answer:        1281, Your answer:        1281
[PASS] [Pattern        148] Golden answer:        1098, Your answer:        1098
ss(Din_list[        148])
ss(Din_list[        149])
[PASS] [Pattern        149] Golden answer:         915, Your answer:         915
[PASS] [Pattern        150] Golden answer:         732, Your answer:         732
ss(Din_list[        150])
ss(Din_list[        151])
[PASS] [Pattern        151] Golden answer:         549, Your answer:         549
[PASS] [Pattern        152] Golden answer:         366, Your answer:         366
ss(Din_list[        152])
ss(Din_list[        153])
[PASS] [Pattern        153] Golden answer:         183, Your answer:         183
[PASS] [Pattern        154] Golden answer:           0, Your answer:           0
ss(Din_list[        154])
ss(Din_list[        155])
[PASS] [Pattern        155] Golden answer:        -183, Your answer:        -183
[PASS] [Pattern        156] Golden answer:        -366, Your answer:        -366
ss(Din_list[        156])
ss(Din_list[        157])
[PASS] [Pattern        157] Golden answer:        -549, Your answer:        -549
[PASS] [Pattern        158] Golden answer:        -732, Your answer:        -732
ss(Din_list[        158])
ss(Din_list[        159])
[PASS] [Pattern        159] Golden answer:        -915, Your answer:        -915
[PASS] [Pattern        160] Golden answer:       -1098, Your answer:       -1098
ss(Din_list[        160])
ss(Din_list[        161])
[PASS] [Pattern        161] Golden answer:       -1281, Your answer:       -1281
[PASS] [Pattern        162] Golden answer:       -1464, Your answer:       -1464
ss(Din_list[        162])
ss(Din_list[        163])
[PASS] [Pattern        163] Golden answer:       -1647, Your answer:       -1647
[PASS] [Pattern        164] Golden answer:       -1830, Your answer:       -1830
ss(Din_list[        164])
ss(Din_list[        165])
[PASS] [Pattern        165] Golden answer:       -2013, Your answer:       -2013
[PASS] [Pattern        166] Golden answer:       -2196, Your answer:       -2196
ss(Din_list[        166])
ss(Din_list[        167])
[PASS] [Pattern        167] Golden answer:       -2379, Your answer:       -2379
[PASS] [Pattern        168] Golden answer:       -2562, Your answer:       -2562
ss(Din_list[        168])
ss(Din_list[        169])
[PASS] [Pattern        169] Golden answer:       -2745, Your answer:       -2745
[PASS] [Pattern        170] Golden answer:       -2928, Your answer:       -2928
ss(Din_list[        170])
ss(Din_list[        171])
[PASS] [Pattern        171] Golden answer:       -3111, Your answer:       -3111
[PASS] [Pattern        172] Golden answer:       -3294, Your answer:       -3294
ss(Din_list[        172])
ss(Din_list[        173])
[PASS] [Pattern        173] Golden answer:       -3477, Your answer:       -3477
[PASS] [Pattern        174] Golden answer:       -3660, Your answer:       -3660
ss(Din_list[        174])
ss(Din_list[        175])
[PASS] [Pattern        175] Golden answer:       -3843, Your answer:       -3843
[PASS] [Pattern        176] Golden answer:       -4026, Your answer:       -4026
ss(Din_list[        176])
ss(Din_list[        177])
[PASS] [Pattern        177] Golden answer:       -4209, Your answer:       -4209
[PASS] [Pattern        178] Golden answer:       -4392, Your answer:       -4392
ss(Din_list[        178])
ss(Din_list[        179])
[PASS] [Pattern        179] Golden answer:       -4575, Your answer:       -4575
[PASS] [Pattern        180] Golden answer:       -4758, Your answer:       -4758
ss(Din_list[        180])
ss(Din_list[        181])
[PASS] [Pattern        181] Golden answer:       -4941, Your answer:       -4941
[PASS] [Pattern        182] Golden answer:       -5124, Your answer:       -5124
ss(Din_list[        182])
ss(Din_list[        183])
[PASS] [Pattern        183] Golden answer:       -5307, Your answer:       -5307
[PASS] [Pattern        184] Golden answer:       -5490, Your answer:       -5490
ss(Din_list[        184])
ss(Din_list[        185])
[PASS] [Pattern        185] Golden answer:       -5673, Your answer:       -5673
[PASS] [Pattern        186] Golden answer:       -5856, Your answer:       -5856
ss(Din_list[        186])
ss(Din_list[        187])
[PASS] [Pattern        187] Golden answer:       -6039, Your answer:       -6039
[PASS] [Pattern        188] Golden answer:       -6222, Your answer:       -6222
ss(Din_list[        188])
ss(Din_list[        189])
[PASS] [Pattern        189] Golden answer:       -6405, Your answer:       -6405
[PASS] [Pattern        190] Golden answer:       -6588, Your answer:       -6588
ss(Din_list[        190])
ss(Din_list[        191])
[PASS] [Pattern        191] Golden answer:       -6771, Your answer:       -6771
[PASS] [Pattern        192] Golden answer:       -6954, Your answer:       -6954
ss(Din_list[        192])
ss(Din_list[        193])
[PASS] [Pattern        193] Golden answer:       -7137, Your answer:       -7137
[PASS] [Pattern        194] Golden answer:       -7320, Your answer:       -7320
ss(Din_list[        194])
ss(Din_list[        195])
[PASS] [Pattern        195] Golden answer:       -7503, Your answer:       -7503
[PASS] [Pattern        196] Golden answer:       -7686, Your answer:       -7686
ss(Din_list[        196])
ss(Din_list[        197])
[PASS] [Pattern        197] Golden answer:       -7869, Your answer:       -7869
[PASS] [Pattern        198] Golden answer:       -8052, Your answer:       -8052
ss(Din_list[        198])
ss(Din_list[        199])
[PASS] [Pattern        199] Golden answer:       -8235, Your answer:       -8235
[PASS] [Pattern        200] Golden answer:       -8418, Your answer:       -8418
ss(Din_list[        200])
ss(Din_list[        201])
[PASS] [Pattern        201] Golden answer:       -8601, Your answer:       -8601
[PASS] [Pattern        202] Golden answer:       -8784, Your answer:       -8784
ss(Din_list[        202])
ss(Din_list[        203])
[PASS] [Pattern        203] Golden answer:       -8967, Your answer:       -8967
[PASS] [Pattern        204] Golden answer:       -9150, Your answer:       -9150
ss(Din_list[        204])
ss(Din_list[        205])
[PASS] [Pattern        205] Golden answer:       -9333, Your answer:       -9333
[PASS] [Pattern        206] Golden answer:       -9516, Your answer:       -9516
ss(Din_list[        206])
ss(Din_list[        207])
[PASS] [Pattern        207] Golden answer:       -9699, Your answer:       -9699
[PASS] [Pattern        208] Golden answer:       -9882, Your answer:       -9882
ss(Din_list[        208])
ss(Din_list[        209])
[PASS] [Pattern        209] Golden answer:      -10065, Your answer:      -10065
[PASS] [Pattern        210] Golden answer:      -10248, Your answer:      -10248
ss(Din_list[        210])
ss(Din_list[        211])
[PASS] [Pattern        211] Golden answer:      -10431, Your answer:      -10431
[PASS] [Pattern        212] Golden answer:      -10614, Your answer:      -10614
ss(Din_list[        212])
ss(Din_list[        213])
[PASS] [Pattern        213] Golden answer:      -10797, Your answer:      -10797
[PASS] [Pattern        214] Golden answer:      -10980, Your answer:      -10980
ss(Din_list[        214])
ss(Din_list[        215])
[PASS] [Pattern        215] Golden answer:      -11163, Your answer:      -11163
[PASS] [Pattern        216] Golden answer:      -11346, Your answer:      -11346
ss(Din_list[        216])
ss(Din_list[        217])
[PASS] [Pattern        217] Golden answer:      -11529, Your answer:      -11529
[PASS] [Pattern        218] Golden answer:      -11712, Your answer:      -11712
ss(Din_list[        218])
ss(Din_list[        219])
[PASS] [Pattern        219] Golden answer:      -11895, Your answer:      -11895
[PASS] [Pattern        220] Golden answer:      -12078, Your answer:      -12078
ss(Din_list[        220])
ss(Din_list[        221])
[PASS] [Pattern        221] Golden answer:      -12261, Your answer:      -12261
[PASS] [Pattern        222] Golden answer:      -12444, Your answer:      -12444
ss(Din_list[        222])
ss(Din_list[        223])
[PASS] [Pattern        223] Golden answer:      -12627, Your answer:      -12627
[PASS] [Pattern        224] Golden answer:      -12810, Your answer:      -12810
ss(Din_list[        224])
ss(Din_list[        225])
[PASS] [Pattern        225] Golden answer:      -12993, Your answer:      -12993
[PASS] [Pattern        226] Golden answer:      -13196, Your answer:      -13196
ss(Din_list[        226])
ss(Din_list[        227])
[PASS] [Pattern        227] Golden answer:      -13417, Your answer:      -13417
[PASS] [Pattern        228] Golden answer:      -13592, Your answer:      -13592
ss(Din_list[        228])
ss(Din_list[        229])
[PASS] [Pattern        229] Golden answer:      -13655, Your answer:      -13655
[PASS] [Pattern        230] Golden answer:      -13592, Your answer:      -13592
ss(Din_list[        230])
ss(Din_list[        231])
[PASS] [Pattern        231] Golden answer:      -13417, Your answer:      -13417
[PASS] [Pattern        232] Golden answer:      -13196, Your answer:      -13196
ss(Din_list[        232])
ss(Din_list[        233])
[PASS] [Pattern        233] Golden answer:      -12993, Your answer:      -12993
[PASS] [Pattern        234] Golden answer:      -12810, Your answer:      -12810
ss(Din_list[        234])
ss(Din_list[        235])
[PASS] [Pattern        235] Golden answer:      -12627, Your answer:      -12627
[PASS] [Pattern        236] Golden answer:      -12444, Your answer:      -12444
ss(Din_list[        236])
ss(Din_list[        237])
[PASS] [Pattern        237] Golden answer:      -12261, Your answer:      -12261
[PASS] [Pattern        238] Golden answer:      -12078, Your answer:      -12078
ss(Din_list[        238])
ss(Din_list[        239])
[PASS] [Pattern        239] Golden answer:      -11895, Your answer:      -11895
[PASS] [Pattern        240] Golden answer:      -11712, Your answer:      -11712
ss(Din_list[        240])
ss(Din_list[        241])
[PASS] [Pattern        241] Golden answer:      -11529, Your answer:      -11529
[PASS] [Pattern        242] Golden answer:      -11346, Your answer:      -11346
ss(Din_list[        242])
ss(Din_list[        243])
[PASS] [Pattern        243] Golden answer:      -11163, Your answer:      -11163
[PASS] [Pattern        244] Golden answer:      -10980, Your answer:      -10980
ss(Din_list[        244])
ss(Din_list[        245])
[PASS] [Pattern        245] Golden answer:      -10797, Your answer:      -10797
[PASS] [Pattern        246] Golden answer:      -10614, Your answer:      -10614
ss(Din_list[        246])
ss(Din_list[        247])
[PASS] [Pattern        247] Golden answer:      -10431, Your answer:      -10431
[PASS] [Pattern        248] Golden answer:      -10248, Your answer:      -10248
ss(Din_list[        248])
ss(Din_list[        249])
[PASS] [Pattern        249] Golden answer:      -10065, Your answer:      -10065
[PASS] [Pattern        250] Golden answer:       -9882, Your answer:       -9882
ss(Din_list[        250])
ss(Din_list[        251])
[PASS] [Pattern        251] Golden answer:       -9699, Your answer:       -9699
[PASS] [Pattern        252] Golden answer:       -9516, Your answer:       -9516
ss(Din_list[        252])
ss(Din_list[        253])
[PASS] [Pattern        253] Golden answer:       -9333, Your answer:       -9333
[PASS] [Pattern        254] Golden answer:       -9150, Your answer:       -9150
ss(Din_list[        254])
ss(Din_list[        255])
[PASS] [Pattern        255] Golden answer:       -8967, Your answer:       -8967
[PASS] [Pattern        256] Golden answer:       -8784, Your answer:       -8784
ss(Din_list[        256])
ss(Din_list[        257])
[PASS] [Pattern        257] Golden answer:       -8601, Your answer:       -8601
[PASS] [Pattern        258] Golden answer:       -8418, Your answer:       -8418
ss(Din_list[        258])
ss(Din_list[        259])
[PASS] [Pattern        259] Golden answer:       -8235, Your answer:       -8235
[PASS] [Pattern        260] Golden answer:       -8052, Your answer:       -8052
ss(Din_list[        260])
ss(Din_list[        261])
[PASS] [Pattern        261] Golden answer:       -7869, Your answer:       -7869
[PASS] [Pattern        262] Golden answer:       -7686, Your answer:       -7686
ss(Din_list[        262])
ss(Din_list[        263])
[PASS] [Pattern        263] Golden answer:       -7503, Your answer:       -7503
[PASS] [Pattern        264] Golden answer:       -7320, Your answer:       -7320
ss(Din_list[        264])
ss(Din_list[        265])
[PASS] [Pattern        265] Golden answer:       -7137, Your answer:       -7137
[PASS] [Pattern        266] Golden answer:       -6954, Your answer:       -6954
ss(Din_list[        266])
ss(Din_list[        267])
[PASS] [Pattern        267] Golden answer:       -6771, Your answer:       -6771
[PASS] [Pattern        268] Golden answer:       -6588, Your answer:       -6588
ss(Din_list[        268])
ss(Din_list[        269])
[PASS] [Pattern        269] Golden answer:       -6405, Your answer:       -6405
[PASS] [Pattern        270] Golden answer:       -6222, Your answer:       -6222
ss(Din_list[        270])
ss(Din_list[        271])
[PASS] [Pattern        271] Golden answer:       -6039, Your answer:       -6039
[PASS] [Pattern        272] Golden answer:       -5856, Your answer:       -5856
ss(Din_list[        272])
ss(Din_list[        273])
[PASS] [Pattern        273] Golden answer:       -5673, Your answer:       -5673
[PASS] [Pattern        274] Golden answer:       -5490, Your answer:       -5490
ss(Din_list[        274])
ss(Din_list[        275])
[PASS] [Pattern        275] Golden answer:       -5307, Your answer:       -5307
[PASS] [Pattern        276] Golden answer:       -5124, Your answer:       -5124
ss(Din_list[        276])
ss(Din_list[        277])
[PASS] [Pattern        277] Golden answer:       -4941, Your answer:       -4941
[PASS] [Pattern        278] Golden answer:       -4758, Your answer:       -4758
ss(Din_list[        278])
ss(Din_list[        279])
[PASS] [Pattern        279] Golden answer:       -4575, Your answer:       -4575
[PASS] [Pattern        280] Golden answer:       -4392, Your answer:       -4392
ss(Din_list[        280])
ss(Din_list[        281])
[PASS] [Pattern        281] Golden answer:       -4209, Your answer:       -4209
[PASS] [Pattern        282] Golden answer:       -4026, Your answer:       -4026
ss(Din_list[        282])
ss(Din_list[        283])
[PASS] [Pattern        283] Golden answer:       -3843, Your answer:       -3843
[PASS] [Pattern        284] Golden answer:       -3660, Your answer:       -3660
ss(Din_list[        284])
ss(Din_list[        285])
[PASS] [Pattern        285] Golden answer:       -3477, Your answer:       -3477
[PASS] [Pattern        286] Golden answer:       -3294, Your answer:       -3294
ss(Din_list[        286])
ss(Din_list[        287])
[PASS] [Pattern        287] Golden answer:       -3111, Your answer:       -3111
[PASS] [Pattern        288] Golden answer:       -2928, Your answer:       -2928
ss(Din_list[        288])
ss(Din_list[        289])
[PASS] [Pattern        289] Golden answer:       -2745, Your answer:       -2745
[PASS] [Pattern        290] Golden answer:       -2562, Your answer:       -2562
ss(Din_list[        290])
ss(Din_list[        291])
[PASS] [Pattern        291] Golden answer:       -2379, Your answer:       -2379
[PASS] [Pattern        292] Golden answer:       -2196, Your answer:       -2196
ss(Din_list[        292])
ss(Din_list[        293])
[PASS] [Pattern        293] Golden answer:       -2013, Your answer:       -2013
[PASS] [Pattern        294] Golden answer:       -1830, Your answer:       -1830
ss(Din_list[        294])
ss(Din_list[        295])
[PASS] [Pattern        295] Golden answer:       -1647, Your answer:       -1647
[PASS] [Pattern        296] Golden answer:       -1464, Your answer:       -1464
ss(Din_list[        296])
ss(Din_list[        297])
[PASS] [Pattern        297] Golden answer:       -1281, Your answer:       -1281
[PASS] [Pattern        298] Golden answer:       -1098, Your answer:       -1098
ss(Din_list[        298])
ss(Din_list[        299])
[PASS] [Pattern        299] Golden answer:        -915, Your answer:        -915
[PASS] [Pattern        300] Golden answer:        -732, Your answer:        -732
ss(Din_list[        300])
ss(Din_list[        301])
[PASS] [Pattern        301] Golden answer:        -549, Your answer:        -549
[PASS] [Pattern        302] Golden answer:        -366, Your answer:        -366
ss(Din_list[        302])
ss(Din_list[        303])
[PASS] [Pattern        303] Golden answer:        -183, Your answer:        -183
[PASS] [Pattern        304] Golden answer:           0, Your answer:           0
ss(Din_list[        304])
ss(Din_list[        305])
[PASS] [Pattern        305] Golden answer:         183, Your answer:         183
[PASS] [Pattern        306] Golden answer:         366, Your answer:         366
ss(Din_list[        306])
ss(Din_list[        307])
[PASS] [Pattern        307] Golden answer:         549, Your answer:         549
[PASS] [Pattern        308] Golden answer:         732, Your answer:         732
ss(Din_list[        308])
ss(Din_list[        309])
[PASS] [Pattern        309] Golden answer:         915, Your answer:         915
[PASS] [Pattern        310] Golden answer:        1098, Your answer:        1098
ss(Din_list[        310])
ss(Din_list[        311])
[PASS] [Pattern        311] Golden answer:        1281, Your answer:        1281
[PASS] [Pattern        312] Golden answer:        1464, Your answer:        1464
ss(Din_list[        312])
ss(Din_list[        313])
[PASS] [Pattern        313] Golden answer:        1647, Your answer:        1647
[PASS] [Pattern        314] Golden answer:        1830, Your answer:        1830
ss(Din_list[        314])
ss(Din_list[        315])
[PASS] [Pattern        315] Golden answer:        2013, Your answer:        2013
[PASS] [Pattern        316] Golden answer:        2196, Your answer:        2196
ss(Din_list[        316])
ss(Din_list[        317])
[PASS] [Pattern        317] Golden answer:        2379, Your answer:        2379
[PASS] [Pattern        318] Golden answer:        2562, Your answer:        2562
ss(Din_list[        318])
ss(Din_list[        319])
[PASS] [Pattern        319] Golden answer:        2745, Your answer:        2745
[PASS] [Pattern        320] Golden answer:        2928, Your answer:        2928
ss(Din_list[        320])
ss(Din_list[        321])
[PASS] [Pattern        321] Golden answer:        3111, Your answer:        3111
[PASS] [Pattern        322] Golden answer:        3294, Your answer:        3294
ss(Din_list[        322])
ss(Din_list[        323])
[PASS] [Pattern        323] Golden answer:        3477, Your answer:        3477
[PASS] [Pattern        324] Golden answer:        3660, Your answer:        3660
ss(Din_list[        324])
ss(Din_list[        325])
[PASS] [Pattern        325] Golden answer:        3843, Your answer:        3843
[PASS] [Pattern        326] Golden answer:        4026, Your answer:        4026
ss(Din_list[        326])
ss(Din_list[        327])
[PASS] [Pattern        327] Golden answer:        4209, Your answer:        4209
[PASS] [Pattern        328] Golden answer:        4392, Your answer:        4392
ss(Din_list[        328])
ss(Din_list[        329])
[PASS] [Pattern        329] Golden answer:        4575, Your answer:        4575
[PASS] [Pattern        330] Golden answer:        4758, Your answer:        4758
ss(Din_list[        330])
ss(Din_list[        331])
[PASS] [Pattern        331] Golden answer:        4941, Your answer:        4941
[PASS] [Pattern        332] Golden answer:        5124, Your answer:        5124
ss(Din_list[        332])
ss(Din_list[        333])
[PASS] [Pattern        333] Golden answer:        5307, Your answer:        5307
[PASS] [Pattern        334] Golden answer:        5490, Your answer:        5490
ss(Din_list[        334])
ss(Din_list[        335])
[PASS] [Pattern        335] Golden answer:        5673, Your answer:        5673
[PASS] [Pattern        336] Golden answer:        5856, Your answer:        5856
ss(Din_list[        336])
ss(Din_list[        337])
[PASS] [Pattern        337] Golden answer:        6039, Your answer:        6039
[PASS] [Pattern        338] Golden answer:        6222, Your answer:        6222
ss(Din_list[        338])
ss(Din_list[        339])
[PASS] [Pattern        339] Golden answer:        6405, Your answer:        6405
[PASS] [Pattern        340] Golden answer:        6588, Your answer:        6588
ss(Din_list[        340])
ss(Din_list[        341])
[PASS] [Pattern        341] Golden answer:        6771, Your answer:        6771
[PASS] [Pattern        342] Golden answer:        6954, Your answer:        6954
ss(Din_list[        342])
ss(Din_list[        343])
[PASS] [Pattern        343] Golden answer:        7137, Your answer:        7137
[PASS] [Pattern        344] Golden answer:        7320, Your answer:        7320
ss(Din_list[        344])
ss(Din_list[        345])
[PASS] [Pattern        345] Golden answer:        7503, Your answer:        7503
[PASS] [Pattern        346] Golden answer:        7686, Your answer:        7686
ss(Din_list[        346])
ss(Din_list[        347])
[PASS] [Pattern        347] Golden answer:        7869, Your answer:        7869
[PASS] [Pattern        348] Golden answer:        8052, Your answer:        8052
ss(Din_list[        348])
ss(Din_list[        349])
[PASS] [Pattern        349] Golden answer:        8235, Your answer:        8235
[PASS] [Pattern        350] Golden answer:        8418, Your answer:        8418
ss(Din_list[        350])
ss(Din_list[        351])
[PASS] [Pattern        351] Golden answer:        8601, Your answer:        8601
[PASS] [Pattern        352] Golden answer:        8784, Your answer:        8784
ss(Din_list[        352])
ss(Din_list[        353])
[PASS] [Pattern        353] Golden answer:        8967, Your answer:        8967
[PASS] [Pattern        354] Golden answer:        9150, Your answer:        9150
ss(Din_list[        354])
ss(Din_list[        355])
[PASS] [Pattern        355] Golden answer:        9333, Your answer:        9333
[PASS] [Pattern        356] Golden answer:        9516, Your answer:        9516
ss(Din_list[        356])
ss(Din_list[        357])
[PASS] [Pattern        357] Golden answer:        9699, Your answer:        9699
[PASS] [Pattern        358] Golden answer:        9882, Your answer:        9882
ss(Din_list[        358])
ss(Din_list[        359])
[PASS] [Pattern        359] Golden answer:       10065, Your answer:       10065
[PASS] [Pattern        360] Golden answer:       10248, Your answer:       10248
ss(Din_list[        360])
ss(Din_list[        361])
[PASS] [Pattern        361] Golden answer:       10431, Your answer:       10431
[PASS] [Pattern        362] Golden answer:       10614, Your answer:       10614
ss(Din_list[        362])
ss(Din_list[        363])
[PASS] [Pattern        363] Golden answer:       10797, Your answer:       10797
[PASS] [Pattern        364] Golden answer:       10980, Your answer:       10980
ss(Din_list[        364])
ss(Din_list[        365])
[PASS] [Pattern        365] Golden answer:       11163, Your answer:       11163
[PASS] [Pattern        366] Golden answer:       11346, Your answer:       11346
ss(Din_list[        366])
ss(Din_list[        367])
[PASS] [Pattern        367] Golden answer:       11529, Your answer:       11529
[PASS] [Pattern        368] Golden answer:       11712, Your answer:       11712
ss(Din_list[        368])
ss(Din_list[        369])
[PASS] [Pattern        369] Golden answer:       11895, Your answer:       11895
[PASS] [Pattern        370] Golden answer:       12078, Your answer:       12078
ss(Din_list[        370])
ss(Din_list[        371])
[PASS] [Pattern        371] Golden answer:       12261, Your answer:       12261
[PASS] [Pattern        372] Golden answer:       12444, Your answer:       12444
ss(Din_list[        372])
ss(Din_list[        373])
[PASS] [Pattern        373] Golden answer:       12627, Your answer:       12627
[PASS] [Pattern        374] Golden answer:       12810, Your answer:       12810
ss(Din_list[        374])
ss(Din_list[        375])
[PASS] [Pattern        375] Golden answer:       12993, Your answer:       12993
[PASS] [Pattern        376] Golden answer:       13196, Your answer:       13196
ss(Din_list[        376])
ss(Din_list[        377])
[PASS] [Pattern        377] Golden answer:       13417, Your answer:       13417
[PASS] [Pattern        378] Golden answer:       13592, Your answer:       13592
ss(Din_list[        378])
ss(Din_list[        379])
[PASS] [Pattern        379] Golden answer:       13655, Your answer:       13655
[PASS] [Pattern        380] Golden answer:       13592, Your answer:       13592
ss(Din_list[        380])
ss(Din_list[        381])
[PASS] [Pattern        381] Golden answer:       13417, Your answer:       13417
[PASS] [Pattern        382] Golden answer:       13196, Your answer:       13196
ss(Din_list[        382])
ss(Din_list[        383])
[PASS] [Pattern        383] Golden answer:       12993, Your answer:       12993
[PASS] [Pattern        384] Golden answer:       12810, Your answer:       12810
ss(Din_list[        384])
ss(Din_list[        385])
[PASS] [Pattern        385] Golden answer:       12627, Your answer:       12627
[PASS] [Pattern        386] Golden answer:       12444, Your answer:       12444
ss(Din_list[        386])
ss(Din_list[        387])
[PASS] [Pattern        387] Golden answer:       12261, Your answer:       12261
[PASS] [Pattern        388] Golden answer:       12078, Your answer:       12078
ss(Din_list[        388])
ss(Din_list[        389])
[PASS] [Pattern        389] Golden answer:       11895, Your answer:       11895
[PASS] [Pattern        390] Golden answer:       11712, Your answer:       11712
ss(Din_list[        390])
ss(Din_list[        391])
[PASS] [Pattern        391] Golden answer:       11529, Your answer:       11529
[PASS] [Pattern        392] Golden answer:       11346, Your answer:       11346
ss(Din_list[        392])
ss(Din_list[        393])
[PASS] [Pattern        393] Golden answer:       11163, Your answer:       11163
[PASS] [Pattern        394] Golden answer:       10980, Your answer:       10980
ss(Din_list[        394])
ss(Din_list[        395])
[PASS] [Pattern        395] Golden answer:       10797, Your answer:       10797
[PASS] [Pattern        396] Golden answer:       10614, Your answer:       10614
ss(Din_list[        396])
ss(Din_list[        397])
[PASS] [Pattern        397] Golden answer:       10431, Your answer:       10431
[PASS] [Pattern        398] Golden answer:       10248, Your answer:       10248
ss(Din_list[        398])
ss(Din_list[        399])
[PASS] [Pattern        399] Golden answer:       10065, Your answer:       10065
[PASS] [Pattern        400] Golden answer:        9882, Your answer:        9882
ss(Din_list[        400])
ss(Din_list[        401])
[PASS] [Pattern        401] Golden answer:        9699, Your answer:        9699
[PASS] [Pattern        402] Golden answer:        9516, Your answer:        9516
ss(Din_list[        402])
ss(Din_list[        403])
[PASS] [Pattern        403] Golden answer:        9333, Your answer:        9333
[PASS] [Pattern        404] Golden answer:        9150, Your answer:        9150
ss(Din_list[        404])
ss(Din_list[        405])
[PASS] [Pattern        405] Golden answer:        8967, Your answer:        8967
[PASS] [Pattern        406] Golden answer:        8784, Your answer:        8784
ss(Din_list[        406])
ss(Din_list[        407])
[PASS] [Pattern        407] Golden answer:        8601, Your answer:        8601
[PASS] [Pattern        408] Golden answer:        8418, Your answer:        8418
ss(Din_list[        408])
ss(Din_list[        409])
[PASS] [Pattern        409] Golden answer:        8235, Your answer:        8235
[PASS] [Pattern        410] Golden answer:        8052, Your answer:        8052
ss(Din_list[        410])
ss(Din_list[        411])
[PASS] [Pattern        411] Golden answer:        7869, Your answer:        7869
[PASS] [Pattern        412] Golden answer:        7686, Your answer:        7686
ss(Din_list[        412])
ss(Din_list[        413])
[PASS] [Pattern        413] Golden answer:        7503, Your answer:        7503
[PASS] [Pattern        414] Golden answer:        7320, Your answer:        7320
ss(Din_list[        414])
ss(Din_list[        415])
[PASS] [Pattern        415] Golden answer:        7137, Your answer:        7137
[PASS] [Pattern        416] Golden answer:        6954, Your answer:        6954
ss(Din_list[        416])
ss(Din_list[        417])
[PASS] [Pattern        417] Golden answer:        6771, Your answer:        6771
[PASS] [Pattern        418] Golden answer:        6588, Your answer:        6588
ss(Din_list[        418])
ss(Din_list[        419])
[PASS] [Pattern        419] Golden answer:        6405, Your answer:        6405
[PASS] [Pattern        420] Golden answer:        6222, Your answer:        6222
ss(Din_list[        420])
ss(Din_list[        421])
[PASS] [Pattern        421] Golden answer:        6039, Your answer:        6039
[PASS] [Pattern        422] Golden answer:        5856, Your answer:        5856
ss(Din_list[        422])
ss(Din_list[        423])
[PASS] [Pattern        423] Golden answer:        5673, Your answer:        5673
[PASS] [Pattern        424] Golden answer:        5490, Your answer:        5490
ss(Din_list[        424])
ss(Din_list[        425])
[PASS] [Pattern        425] Golden answer:        5307, Your answer:        5307
[PASS] [Pattern        426] Golden answer:        5124, Your answer:        5124
ss(Din_list[        426])
ss(Din_list[        427])
[PASS] [Pattern        427] Golden answer:        4941, Your answer:        4941
[PASS] [Pattern        428] Golden answer:        4758, Your answer:        4758
ss(Din_list[        428])
ss(Din_list[        429])
[PASS] [Pattern        429] Golden answer:        4575, Your answer:        4575
[PASS] [Pattern        430] Golden answer:        4392, Your answer:        4392
ss(Din_list[        430])
ss(Din_list[        431])
[PASS] [Pattern        431] Golden answer:        4209, Your answer:        4209
[PASS] [Pattern        432] Golden answer:        4026, Your answer:        4026
ss(Din_list[        432])
ss(Din_list[        433])
[PASS] [Pattern        433] Golden answer:        3843, Your answer:        3843
[PASS] [Pattern        434] Golden answer:        3660, Your answer:        3660
ss(Din_list[        434])
ss(Din_list[        435])
[PASS] [Pattern        435] Golden answer:        3477, Your answer:        3477
[PASS] [Pattern        436] Golden answer:        3294, Your answer:        3294
ss(Din_list[        436])
ss(Din_list[        437])
[PASS] [Pattern        437] Golden answer:        3111, Your answer:        3111
[PASS] [Pattern        438] Golden answer:        2928, Your answer:        2928
ss(Din_list[        438])
ss(Din_list[        439])
[PASS] [Pattern        439] Golden answer:        2745, Your answer:        2745
[PASS] [Pattern        440] Golden answer:        2562, Your answer:        2562
ss(Din_list[        440])
ss(Din_list[        441])
[PASS] [Pattern        441] Golden answer:        2379, Your answer:        2379
[PASS] [Pattern        442] Golden answer:        2196, Your answer:        2196
ss(Din_list[        442])
ss(Din_list[        443])
[PASS] [Pattern        443] Golden answer:        2013, Your answer:        2013
[PASS] [Pattern        444] Golden answer:        1830, Your answer:        1830
ss(Din_list[        444])
ss(Din_list[        445])
[PASS] [Pattern        445] Golden answer:        1647, Your answer:        1647
[PASS] [Pattern        446] Golden answer:        1464, Your answer:        1464
ss(Din_list[        446])
ss(Din_list[        447])
[PASS] [Pattern        447] Golden answer:        1281, Your answer:        1281
[PASS] [Pattern        448] Golden answer:        1098, Your answer:        1098
ss(Din_list[        448])
ss(Din_list[        449])
[PASS] [Pattern        449] Golden answer:         915, Your answer:         915
[PASS] [Pattern        450] Golden answer:         732, Your answer:         732
ss(Din_list[        450])
ss(Din_list[        451])
[PASS] [Pattern        451] Golden answer:         549, Your answer:         549
[PASS] [Pattern        452] Golden answer:         366, Your answer:         366
ss(Din_list[        452])
ss(Din_list[        453])
[PASS] [Pattern        453] Golden answer:         183, Your answer:         183
[PASS] [Pattern        454] Golden answer:           0, Your answer:           0
ss(Din_list[        454])
ss(Din_list[        455])
[PASS] [Pattern        455] Golden answer:        -183, Your answer:        -183
[PASS] [Pattern        456] Golden answer:        -366, Your answer:        -366
ss(Din_list[        456])
ss(Din_list[        457])
[PASS] [Pattern        457] Golden answer:        -549, Your answer:        -549
[PASS] [Pattern        458] Golden answer:        -732, Your answer:        -732
ss(Din_list[        458])
ss(Din_list[        459])
[PASS] [Pattern        459] Golden answer:        -915, Your answer:        -915
[PASS] [Pattern        460] Golden answer:       -1098, Your answer:       -1098
ss(Din_list[        460])
ss(Din_list[        461])
[PASS] [Pattern        461] Golden answer:       -1281, Your answer:       -1281
[PASS] [Pattern        462] Golden answer:       -1464, Your answer:       -1464
ss(Din_list[        462])
ss(Din_list[        463])
[PASS] [Pattern        463] Golden answer:       -1647, Your answer:       -1647
[PASS] [Pattern        464] Golden answer:       -1830, Your answer:       -1830
ss(Din_list[        464])
ss(Din_list[        465])
[PASS] [Pattern        465] Golden answer:       -2013, Your answer:       -2013
[PASS] [Pattern        466] Golden answer:       -2196, Your answer:       -2196
ss(Din_list[        466])
ss(Din_list[        467])
[PASS] [Pattern        467] Golden answer:       -2379, Your answer:       -2379
[PASS] [Pattern        468] Golden answer:       -2562, Your answer:       -2562
ss(Din_list[        468])
ss(Din_list[        469])
[PASS] [Pattern        469] Golden answer:       -2745, Your answer:       -2745
[PASS] [Pattern        470] Golden answer:       -2928, Your answer:       -2928
ss(Din_list[        470])
ss(Din_list[        471])
[PASS] [Pattern        471] Golden answer:       -3111, Your answer:       -3111
[PASS] [Pattern        472] Golden answer:       -3294, Your answer:       -3294
ss(Din_list[        472])
ss(Din_list[        473])
[PASS] [Pattern        473] Golden answer:       -3477, Your answer:       -3477
[PASS] [Pattern        474] Golden answer:       -3660, Your answer:       -3660
ss(Din_list[        474])
ss(Din_list[        475])
[PASS] [Pattern        475] Golden answer:       -3843, Your answer:       -3843
[PASS] [Pattern        476] Golden answer:       -4026, Your answer:       -4026
ss(Din_list[        476])
ss(Din_list[        477])
[PASS] [Pattern        477] Golden answer:       -4209, Your answer:       -4209
[PASS] [Pattern        478] Golden answer:       -4392, Your answer:       -4392
ss(Din_list[        478])
ss(Din_list[        479])
[PASS] [Pattern        479] Golden answer:       -4575, Your answer:       -4575
[PASS] [Pattern        480] Golden answer:       -4758, Your answer:       -4758
ss(Din_list[        480])
ss(Din_list[        481])
[PASS] [Pattern        481] Golden answer:       -4941, Your answer:       -4941
[PASS] [Pattern        482] Golden answer:       -5124, Your answer:       -5124
ss(Din_list[        482])
ss(Din_list[        483])
[PASS] [Pattern        483] Golden answer:       -5307, Your answer:       -5307
[PASS] [Pattern        484] Golden answer:       -5490, Your answer:       -5490
ss(Din_list[        484])
ss(Din_list[        485])
[PASS] [Pattern        485] Golden answer:       -5673, Your answer:       -5673
[PASS] [Pattern        486] Golden answer:       -5856, Your answer:       -5856
ss(Din_list[        486])
ss(Din_list[        487])
[PASS] [Pattern        487] Golden answer:       -6039, Your answer:       -6039
[PASS] [Pattern        488] Golden answer:       -6222, Your answer:       -6222
ss(Din_list[        488])
ss(Din_list[        489])
[PASS] [Pattern        489] Golden answer:       -6405, Your answer:       -6405
[PASS] [Pattern        490] Golden answer:       -6588, Your answer:       -6588
ss(Din_list[        490])
ss(Din_list[        491])
[PASS] [Pattern        491] Golden answer:       -6771, Your answer:       -6771
[PASS] [Pattern        492] Golden answer:       -6954, Your answer:       -6954
ss(Din_list[        492])
ss(Din_list[        493])
[PASS] [Pattern        493] Golden answer:       -7137, Your answer:       -7137
[PASS] [Pattern        494] Golden answer:       -7320, Your answer:       -7320
ss(Din_list[        494])
ss(Din_list[        495])
[PASS] [Pattern        495] Golden answer:       -7503, Your answer:       -7503
[PASS] [Pattern        496] Golden answer:       -7686, Your answer:       -7686
ss(Din_list[        496])
ss(Din_list[        497])
[PASS] [Pattern        497] Golden answer:       -7869, Your answer:       -7869
[PASS] [Pattern        498] Golden answer:       -8052, Your answer:       -8052
ss(Din_list[        498])
ss(Din_list[        499])
[PASS] [Pattern        499] Golden answer:       -8235, Your answer:       -8235
[PASS] [Pattern        500] Golden answer:       -8418, Your answer:       -8418
ss(Din_list[        500])
ss(Din_list[        501])
[PASS] [Pattern        501] Golden answer:       -8601, Your answer:       -8601
[PASS] [Pattern        502] Golden answer:       -8784, Your answer:       -8784
ss(Din_list[        502])
ss(Din_list[        503])
[PASS] [Pattern        503] Golden answer:       -8967, Your answer:       -8967
[PASS] [Pattern        504] Golden answer:       -9150, Your answer:       -9150
ss(Din_list[        504])
ss(Din_list[        505])
[PASS] [Pattern        505] Golden answer:       -9333, Your answer:       -9333
[PASS] [Pattern        506] Golden answer:       -9516, Your answer:       -9516
ss(Din_list[        506])
ss(Din_list[        507])
[PASS] [Pattern        507] Golden answer:       -9699, Your answer:       -9699
[PASS] [Pattern        508] Golden answer:       -9882, Your answer:       -9882
ss(Din_list[        508])
ss(Din_list[        509])
[PASS] [Pattern        509] Golden answer:      -10065, Your answer:      -10065
[PASS] [Pattern        510] Golden answer:      -10248, Your answer:      -10248
ss(Din_list[        510])
ss(Din_list[        511])
[PASS] [Pattern        511] Golden answer:      -10431, Your answer:      -10431
[PASS] [Pattern        512] Golden answer:      -10614, Your answer:      -10614
ss(Din_list[        512])
ss(Din_list[        513])
[PASS] [Pattern        513] Golden answer:      -10797, Your answer:      -10797
[PASS] [Pattern        514] Golden answer:      -10980, Your answer:      -10980
ss(Din_list[        514])
ss(Din_list[        515])
[PASS] [Pattern        515] Golden answer:      -11163, Your answer:      -11163
[PASS] [Pattern        516] Golden answer:      -11346, Your answer:      -11346
ss(Din_list[        516])
ss(Din_list[        517])
[PASS] [Pattern        517] Golden answer:      -11529, Your answer:      -11529
[PASS] [Pattern        518] Golden answer:      -11712, Your answer:      -11712
ss(Din_list[        518])
ss(Din_list[        519])
[PASS] [Pattern        519] Golden answer:      -11895, Your answer:      -11895
[PASS] [Pattern        520] Golden answer:      -12078, Your answer:      -12078
ss(Din_list[        520])
ss(Din_list[        521])
[PASS] [Pattern        521] Golden answer:      -12261, Your answer:      -12261
[PASS] [Pattern        522] Golden answer:      -12444, Your answer:      -12444
ss(Din_list[        522])
ss(Din_list[        523])
[PASS] [Pattern        523] Golden answer:      -12627, Your answer:      -12627
[PASS] [Pattern        524] Golden answer:      -12810, Your answer:      -12810
ss(Din_list[        524])
ss(Din_list[        525])
[PASS] [Pattern        525] Golden answer:      -12993, Your answer:      -12993
[PASS] [Pattern        526] Golden answer:      -13196, Your answer:      -13196
ss(Din_list[        526])
ss(Din_list[        527])
[PASS] [Pattern        527] Golden answer:      -13417, Your answer:      -13417
[PASS] [Pattern        528] Golden answer:      -13592, Your answer:      -13592
ss(Din_list[        528])
ss(Din_list[        529])
[PASS] [Pattern        529] Golden answer:      -13655, Your answer:      -13655
[PASS] [Pattern        530] Golden answer:      -13592, Your answer:      -13592
ss(Din_list[        530])
ss(Din_list[        531])
[PASS] [Pattern        531] Golden answer:      -13417, Your answer:      -13417
[PASS] [Pattern        532] Golden answer:      -13196, Your answer:      -13196
ss(Din_list[        532])
ss(Din_list[        533])
[PASS] [Pattern        533] Golden answer:      -12993, Your answer:      -12993
[PASS] [Pattern        534] Golden answer:      -12810, Your answer:      -12810
ss(Din_list[        534])
ss(Din_list[        535])
[PASS] [Pattern        535] Golden answer:      -12627, Your answer:      -12627
[PASS] [Pattern        536] Golden answer:      -12444, Your answer:      -12444
ss(Din_list[        536])
ss(Din_list[        537])
[PASS] [Pattern        537] Golden answer:      -12261, Your answer:      -12261
[PASS] [Pattern        538] Golden answer:      -12078, Your answer:      -12078
ss(Din_list[        538])
ss(Din_list[        539])
[PASS] [Pattern        539] Golden answer:      -11895, Your answer:      -11895
[PASS] [Pattern        540] Golden answer:      -11712, Your answer:      -11712
ss(Din_list[        540])
ss(Din_list[        541])
[PASS] [Pattern        541] Golden answer:      -11529, Your answer:      -11529
[PASS] [Pattern        542] Golden answer:      -11346, Your answer:      -11346
ss(Din_list[        542])
ss(Din_list[        543])
[PASS] [Pattern        543] Golden answer:      -11163, Your answer:      -11163
[PASS] [Pattern        544] Golden answer:      -10980, Your answer:      -10980
ss(Din_list[        544])
ss(Din_list[        545])
[PASS] [Pattern        545] Golden answer:      -10797, Your answer:      -10797
[PASS] [Pattern        546] Golden answer:      -10614, Your answer:      -10614
ss(Din_list[        546])
ss(Din_list[        547])
[PASS] [Pattern        547] Golden answer:      -10431, Your answer:      -10431
[PASS] [Pattern        548] Golden answer:      -10248, Your answer:      -10248
ss(Din_list[        548])
ss(Din_list[        549])
[PASS] [Pattern        549] Golden answer:      -10065, Your answer:      -10065
[PASS] [Pattern        550] Golden answer:       -9882, Your answer:       -9882
ss(Din_list[        550])
ss(Din_list[        551])
[PASS] [Pattern        551] Golden answer:       -9699, Your answer:       -9699
[PASS] [Pattern        552] Golden answer:       -9516, Your answer:       -9516
ss(Din_list[        552])
ss(Din_list[        553])
[PASS] [Pattern        553] Golden answer:       -9333, Your answer:       -9333
[PASS] [Pattern        554] Golden answer:       -9150, Your answer:       -9150
ss(Din_list[        554])
ss(Din_list[        555])
[PASS] [Pattern        555] Golden answer:       -8967, Your answer:       -8967
[PASS] [Pattern        556] Golden answer:       -8784, Your answer:       -8784
ss(Din_list[        556])
ss(Din_list[        557])
[PASS] [Pattern        557] Golden answer:       -8601, Your answer:       -8601
[PASS] [Pattern        558] Golden answer:       -8418, Your answer:       -8418
ss(Din_list[        558])
ss(Din_list[        559])
[PASS] [Pattern        559] Golden answer:       -8235, Your answer:       -8235
[PASS] [Pattern        560] Golden answer:       -8052, Your answer:       -8052
ss(Din_list[        560])
ss(Din_list[        561])
[PASS] [Pattern        561] Golden answer:       -7869, Your answer:       -7869
[PASS] [Pattern        562] Golden answer:       -7686, Your answer:       -7686
ss(Din_list[        562])
ss(Din_list[        563])
[PASS] [Pattern        563] Golden answer:       -7503, Your answer:       -7503
[PASS] [Pattern        564] Golden answer:       -7320, Your answer:       -7320
ss(Din_list[        564])
ss(Din_list[        565])
[PASS] [Pattern        565] Golden answer:       -7137, Your answer:       -7137
[PASS] [Pattern        566] Golden answer:       -6954, Your answer:       -6954
ss(Din_list[        566])
ss(Din_list[        567])
[PASS] [Pattern        567] Golden answer:       -6771, Your answer:       -6771
[PASS] [Pattern        568] Golden answer:       -6588, Your answer:       -6588
ss(Din_list[        568])
ss(Din_list[        569])
[PASS] [Pattern        569] Golden answer:       -6405, Your answer:       -6405
[PASS] [Pattern        570] Golden answer:       -6222, Your answer:       -6222
ss(Din_list[        570])
ss(Din_list[        571])
[PASS] [Pattern        571] Golden answer:       -6039, Your answer:       -6039
[PASS] [Pattern        572] Golden answer:       -5856, Your answer:       -5856
ss(Din_list[        572])
ss(Din_list[        573])
[PASS] [Pattern        573] Golden answer:       -5673, Your answer:       -5673
[PASS] [Pattern        574] Golden answer:       -5490, Your answer:       -5490
ss(Din_list[        574])
ss(Din_list[        575])
[PASS] [Pattern        575] Golden answer:       -5307, Your answer:       -5307
[PASS] [Pattern        576] Golden answer:       -5124, Your answer:       -5124
ss(Din_list[        576])
ss(Din_list[        577])
[PASS] [Pattern        577] Golden answer:       -4941, Your answer:       -4941
[PASS] [Pattern        578] Golden answer:       -4758, Your answer:       -4758
ss(Din_list[        578])
ss(Din_list[        579])
[PASS] [Pattern        579] Golden answer:       -4575, Your answer:       -4575
[PASS] [Pattern        580] Golden answer:       -4392, Your answer:       -4392
ss(Din_list[        580])
ss(Din_list[        581])
[PASS] [Pattern        581] Golden answer:       -4209, Your answer:       -4209
[PASS] [Pattern        582] Golden answer:       -4026, Your answer:       -4026
ss(Din_list[        582])
ss(Din_list[        583])
[PASS] [Pattern        583] Golden answer:       -3843, Your answer:       -3843
[PASS] [Pattern        584] Golden answer:       -3660, Your answer:       -3660
ss(Din_list[        584])
ss(Din_list[        585])
[PASS] [Pattern        585] Golden answer:       -3477, Your answer:       -3477
[PASS] [Pattern        586] Golden answer:       -3294, Your answer:       -3294
ss(Din_list[        586])
ss(Din_list[        587])
[PASS] [Pattern        587] Golden answer:       -3111, Your answer:       -3111
[PASS] [Pattern        588] Golden answer:       -2928, Your answer:       -2928
ss(Din_list[        588])
ss(Din_list[        589])
[PASS] [Pattern        589] Golden answer:       -2745, Your answer:       -2745
[PASS] [Pattern        590] Golden answer:       -2562, Your answer:       -2562
ss(Din_list[        590])
ss(Din_list[        591])
[PASS] [Pattern        591] Golden answer:       -2379, Your answer:       -2379
[PASS] [Pattern        592] Golden answer:       -2196, Your answer:       -2196
ss(Din_list[        592])
ss(Din_list[        593])
[PASS] [Pattern        593] Golden answer:       -2013, Your answer:       -2013
[PASS] [Pattern        594] Golden answer:       -1830, Your answer:       -1830
ss(Din_list[        594])
ss(Din_list[        595])
[PASS] [Pattern        595] Golden answer:       -1647, Your answer:       -1647
[PASS] [Pattern        596] Golden answer:       -1464, Your answer:       -1464
ss(Din_list[        596])
ss(Din_list[        597])
[PASS] [Pattern        597] Golden answer:       -1281, Your answer:       -1281
[PASS] [Pattern        598] Golden answer:       -1098, Your answer:       -1098
ss(Din_list[        598])
----check ap_idle = 0 before transmitting last data----
OK: exp =           0, rdata =           0
ss(Din_list[        599])
------End the data input(AXI-Stream)------
[PASS] [Pattern        599] Golden answer:        -915, Your answer:        -915
OK: exp =           2, rdata =           6
OK: exp =           4, rdata =           4
---------------------------------------------
